[12-Dec-2023 21:07:21 UTC] Sync process for Gutenberg Blocks has started.
[12-Dec-2023 21:07:21 UTC] CATEGORY:Importing categories..
[12-Dec-2023 21:07:21 UTC] CATEGORY:Storing in option ast-block-templates-categories
[12-Dec-2023 21:07:21 UTC] CATEGORY:Completed category import.
[12-Dec-2023 21:07:21 UTC] BLOCK: Getting Total Blocks
[12-Dec-2023 21:07:21 UTC] BLOCK: https://websitedemos.net/wp-json/astra-blocks/v1/get-blocks-count/?page_builder=gutenberg&wireframe=yes
[12-Dec-2023 21:07:21 UTC] BLOCK: Requests count 4
[12-Dec-2023 21:07:21 UTC] BLOCK: Importing request 1 ..
[12-Dec-2023 21:07:21 UTC] BLOCK: https://websitedemos.net/wp-json/astra-blocks/v1/blocks/?page_builder=gutenberg&per_page=100&page=1&wireframe=yes
[12-Dec-2023 21:07:21 UTC] BLOCK: Storing in option ast-block-templates-blocks-1
[12-Dec-2023 21:07:22 UTC] BLOCK: Completed request 1
[12-Dec-2023 21:07:22 UTC] BLOCK: Importing request 2 ..
[12-Dec-2023 21:07:22 UTC] BLOCK: https://websitedemos.net/wp-json/astra-blocks/v1/blocks/?page_builder=gutenberg&per_page=100&page=2&wireframe=yes
[12-Dec-2023 21:07:22 UTC] BLOCK: Storing in option ast-block-templates-blocks-2
[12-Dec-2023 21:07:22 UTC] BLOCK: Completed request 2
[12-Dec-2023 21:07:22 UTC] BLOCK: Importing request 3 ..
[12-Dec-2023 21:07:22 UTC] BLOCK: https://websitedemos.net/wp-json/astra-blocks/v1/blocks/?page_builder=gutenberg&per_page=100&page=3&wireframe=yes
[12-Dec-2023 21:07:22 UTC] BLOCK: Storing in option ast-block-templates-blocks-3
[12-Dec-2023 21:07:23 UTC] BLOCK: Completed request 3
[12-Dec-2023 21:07:23 UTC] BLOCK: Importing request 4 ..
[12-Dec-2023 21:07:23 UTC] BLOCK: https://websitedemos.net/wp-json/astra-blocks/v1/blocks/?page_builder=gutenberg&per_page=100&page=4&wireframe=yes
[12-Dec-2023 21:07:23 UTC] BLOCK: Storing in option ast-block-templates-blocks-4
[12-Dec-2023 21:07:23 UTC] BLOCK: Completed request 4
[12-Dec-2023 21:07:23 UTC] SITE: Getting Total Sites
[12-Dec-2023 21:07:23 UTC] SITE: https://websitedemos.net/wp-json/astra-sites/v1/get-total-pages/?page_builder=gutenberg
[12-Dec-2023 21:07:23 UTC] SITE: Request count 2
[12-Dec-2023 21:07:23 UTC] SITE: Importing request 1 ..
[12-Dec-2023 21:07:23 UTC] SITE: https://websitedemos.net/wp-json/astra-sites/v1/sites-and-pages/?per_page=100&page=1&page-builder=gutenberg
[12-Dec-2023 21:07:23 UTC] SITE: Storing in option ast-block-templates-sites-1
[12-Dec-2023 21:07:24 UTC] SITE: Completed request 1
[12-Dec-2023 21:07:24 UTC] SITE: Importing request 2 ..
[12-Dec-2023 21:07:24 UTC] SITE: https://websitedemos.net/wp-json/astra-sites/v1/sites-and-pages/?per_page=100&page=2&page-builder=gutenberg
[12-Dec-2023 21:07:24 UTC] SITE: Storing in option ast-block-templates-sites-2
[12-Dec-2023 21:07:24 UTC] SITE: Completed request 2
[12-Dec-2023 21:07:24 UTC] Sync process for Gutenberg Blocks is done.
[14-Dec-2023 07:37:45 UTC] Sync process for Gutenberg Blocks has started.
[14-Dec-2023 07:37:45 UTC] CATEGORY:Importing categories..
[14-Dec-2023 07:37:45 UTC] CATEGORY:Storing in option ast-block-templates-categories
[14-Dec-2023 07:37:45 UTC] CATEGORY:Completed category import.
[14-Dec-2023 07:37:45 UTC] BLOCK: Getting Total Blocks
[14-Dec-2023 07:37:45 UTC] BLOCK: https://websitedemos.net/wp-json/astra-blocks/v1/get-blocks-count/?page_builder=gutenberg&wireframe=yes
[14-Dec-2023 07:37:45 UTC] BLOCK: Requests count 4
[14-Dec-2023 07:37:45 UTC] BLOCK: Importing request 1 ..
[14-Dec-2023 07:37:45 UTC] BLOCK: https://websitedemos.net/wp-json/astra-blocks/v1/blocks/?page_builder=gutenberg&per_page=100&page=1&wireframe=yes
[14-Dec-2023 07:37:46 UTC] BLOCK: Storing in option ast-block-templates-blocks-1
[14-Dec-2023 07:37:46 UTC] BLOCK: Completed request 1
[14-Dec-2023 07:37:46 UTC] BLOCK: Importing request 2 ..
[14-Dec-2023 07:37:46 UTC] BLOCK: https://websitedemos.net/wp-json/astra-blocks/v1/blocks/?page_builder=gutenberg&per_page=100&page=2&wireframe=yes
[14-Dec-2023 07:37:46 UTC] BLOCK: Storing in option ast-block-templates-blocks-2
[14-Dec-2023 07:37:46 UTC] BLOCK: Completed request 2
[14-Dec-2023 07:37:46 UTC] BLOCK: Importing request 3 ..
[14-Dec-2023 07:37:46 UTC] BLOCK: https://websitedemos.net/wp-json/astra-blocks/v1/blocks/?page_builder=gutenberg&per_page=100&page=3&wireframe=yes
[14-Dec-2023 07:37:46 UTC] BLOCK: Storing in option ast-block-templates-blocks-3
[14-Dec-2023 07:37:46 UTC] BLOCK: Completed request 3
[14-Dec-2023 07:37:46 UTC] BLOCK: Importing request 4 ..
[14-Dec-2023 07:37:46 UTC] BLOCK: https://websitedemos.net/wp-json/astra-blocks/v1/blocks/?page_builder=gutenberg&per_page=100&page=4&wireframe=yes
[14-Dec-2023 07:37:46 UTC] BLOCK: Storing in option ast-block-templates-blocks-4
[14-Dec-2023 07:37:46 UTC] BLOCK: Completed request 4
[14-Dec-2023 07:37:46 UTC] SITE: Getting Total Sites
[14-Dec-2023 07:37:46 UTC] SITE: https://websitedemos.net/wp-json/astra-sites/v1/get-total-pages/?page_builder=gutenberg
[14-Dec-2023 07:37:46 UTC] SITE: Request count 2
[14-Dec-2023 07:37:46 UTC] SITE: Importing request 1 ..
[14-Dec-2023 07:37:46 UTC] SITE: https://websitedemos.net/wp-json/astra-sites/v1/sites-and-pages/?per_page=100&page=1&page-builder=gutenberg
[14-Dec-2023 07:37:46 UTC] SITE: Storing in option ast-block-templates-sites-1
[14-Dec-2023 07:37:47 UTC] SITE: Completed request 1
[14-Dec-2023 07:37:47 UTC] SITE: Importing request 2 ..
[14-Dec-2023 07:37:47 UTC] SITE: https://websitedemos.net/wp-json/astra-sites/v1/sites-and-pages/?per_page=100&page=2&page-builder=gutenberg
[14-Dec-2023 07:37:47 UTC] SITE: Storing in option ast-block-templates-sites-2
[14-Dec-2023 07:37:47 UTC] SITE: Completed request 2
[14-Dec-2023 07:37:47 UTC] Sync process for Gutenberg Blocks is done.
[14-Dec-2023 14:51:43 UTC] Cron reschedule event error for hook: action_scheduler_run_queue, Error code: invalid_schedule, Error message: Event schedule does not exist., Data: {"schedule":"every_minute","args":["WP Cron"],"interval":60}
[15-Dec-2023 09:06:52 UTC] Sync process for Gutenberg Blocks has started.
[15-Dec-2023 09:06:52 UTC] CATEGORY:Importing categories..
[15-Dec-2023 09:06:52 UTC] CATEGORY:Storing in option ast-block-templates-categories
[15-Dec-2023 09:06:52 UTC] CATEGORY:Completed category import.
[15-Dec-2023 09:06:52 UTC] BLOCK: Getting Total Blocks
[15-Dec-2023 09:06:52 UTC] BLOCK: https://websitedemos.net/wp-json/astra-blocks/v1/get-blocks-count/?page_builder=gutenberg&wireframe=yes
[15-Dec-2023 09:06:52 UTC] BLOCK: Requests count 4
[15-Dec-2023 09:06:52 UTC] BLOCK: Importing request 1 ..
[15-Dec-2023 09:06:52 UTC] BLOCK: https://websitedemos.net/wp-json/astra-blocks/v1/blocks/?page_builder=gutenberg&per_page=100&page=1&wireframe=yes
[15-Dec-2023 09:06:52 UTC] BLOCK: Storing in option ast-block-templates-blocks-1
[15-Dec-2023 09:06:52 UTC] BLOCK: Completed request 1
[15-Dec-2023 09:06:52 UTC] BLOCK: Importing request 2 ..
[15-Dec-2023 09:06:52 UTC] BLOCK: https://websitedemos.net/wp-json/astra-blocks/v1/blocks/?page_builder=gutenberg&per_page=100&page=2&wireframe=yes
[15-Dec-2023 09:06:53 UTC] BLOCK: Storing in option ast-block-templates-blocks-2
[15-Dec-2023 09:06:53 UTC] BLOCK: Completed request 2
[15-Dec-2023 09:06:53 UTC] BLOCK: Importing request 3 ..
[15-Dec-2023 09:06:53 UTC] BLOCK: https://websitedemos.net/wp-json/astra-blocks/v1/blocks/?page_builder=gutenberg&per_page=100&page=3&wireframe=yes
[15-Dec-2023 09:06:53 UTC] BLOCK: Storing in option ast-block-templates-blocks-3
[15-Dec-2023 09:06:53 UTC] BLOCK: Completed request 3
[15-Dec-2023 09:06:53 UTC] BLOCK: Importing request 4 ..
[15-Dec-2023 09:06:53 UTC] BLOCK: https://websitedemos.net/wp-json/astra-blocks/v1/blocks/?page_builder=gutenberg&per_page=100&page=4&wireframe=yes
[15-Dec-2023 09:06:53 UTC] BLOCK: Storing in option ast-block-templates-blocks-4
[15-Dec-2023 09:06:53 UTC] BLOCK: Completed request 4
[15-Dec-2023 09:06:53 UTC] SITE: Getting Total Sites
[15-Dec-2023 09:06:53 UTC] SITE: https://websitedemos.net/wp-json/astra-sites/v1/get-total-pages/?page_builder=gutenberg
[15-Dec-2023 09:06:53 UTC] SITE: Request count 2
[15-Dec-2023 09:06:53 UTC] SITE: Importing request 1 ..
[15-Dec-2023 09:06:53 UTC] SITE: https://websitedemos.net/wp-json/astra-sites/v1/sites-and-pages/?per_page=100&page=1&page-builder=gutenberg
[15-Dec-2023 09:06:53 UTC] SITE: Storing in option ast-block-templates-sites-1
[15-Dec-2023 09:06:54 UTC] SITE: Completed request 1
[15-Dec-2023 09:06:54 UTC] SITE: Importing request 2 ..
[15-Dec-2023 09:06:54 UTC] SITE: https://websitedemos.net/wp-json/astra-sites/v1/sites-and-pages/?per_page=100&page=2&page-builder=gutenberg
[15-Dec-2023 09:06:54 UTC] SITE: Storing in option ast-block-templates-sites-2
[15-Dec-2023 09:06:54 UTC] SITE: Completed request 2
[15-Dec-2023 09:06:54 UTC] Sync process for Gutenberg Blocks is done.
